<?xml version="1.0" encoding="UTF-8"?>
<!-- Generated by org.testng.reporters.JUnitXMLReporter -->
<testsuite hostname="94ZQ7BS" name="Test" tests="1" failures="1" timestamp="1 Mar 2018 14:34:46 GMT" time="87.557" errors="0">
  <testcase name="feature" time="86.485" classname="helpers.RunTest">
    <failure type="cucumber.runtime.CucumberException" message="java.lang.NullPointerException">
      <![CDATA[cucumber.runtime.CucumberException: java.lang.NullPointerException
	at cucumber.api.testng.TestNGCucumberRunner.runCucumber(TestNGCucumberRunner.java:69)
	at cucumber.api.testng.AbstractTestNGCucumberTests.feature(AbstractTestNGCucumberTests.java:21)
Caused by: java.lang.NullPointerException
	at Application_Pages.Adidas_Home_Page.hover_Over_Menu(Adidas_Home_Page.java:65)
	at stepDefinitions.Verify_Women_TShirt_Checkout_Process.Hover_Over_Men_Menu(Verify_Women_TShirt_Checkout_Process.java:44)
	at ✽.And Hover over Women Menu(Adidasfeatures/Men Basketball Search Result Count Verification.feature:33)
... Removed 24 stack frames]]>
    </failure>
  </testcase> <!-- feature -->
</testsuite> <!-- Test -->
