<?xml version="1.0" encoding="UTF-8"?>
<!-- Generated by org.testng.reporters.JUnitXMLReporter -->
<testsuite hostname="94ZQ7BS" name="Test" tests="1" failures="1" timestamp="23 Feb 2018 05:57:28 GMT" time="63.597" errors="0">
  <testcase name="feature" time="63.029" classname="helpers.RunTest">
    <failure type="cucumber.runtime.CucumberException" message="java.lang.NumberFormatException: For input string: &amp;quot; 7999&amp;quot;">
      <![CDATA[cucumber.runtime.CucumberException: java.lang.NumberFormatException: For input string: " 7999"
	at cucumber.api.testng.TestNGCucumberRunner.runCucumber(TestNGCucumberRunner.java:69)
	at cucumber.api.testng.AbstractTestNGCucumberTests.feature(AbstractTestNGCucumberTests.java:21)
Caused by: java.lang.NumberFormatException: For input string: " 7999"
	at java.lang.NumberFormatException.forInputString(Unknown Source)
	at java.lang.Integer.parseInt(Unknown Source)
	at java.lang.Integer.parseInt(Unknown Source)
	at Application_Pages.Men_BaseketBall_Shoes_Page.verifyPriceLowestToHighest_MenBaseketBallShoes(Men_BaseketBall_Shoes_Page.java:127)
	at stepDefinitions.Adidas_Verify_Search_Criteria_Price_Low_To_High.verify_Products_are_shown_with_lower_to_hightest_price(Adidas_Verify_Search_Criteria_Price_Low_To_High.java:73)
	at ✽.And Verify Products are shown with lower to hightest price(Adidasfeatures/Men Basketball Search Result Count Verification.feature:27)
... Removed 24 stack frames]]>
    </failure>
  </testcase> <!-- feature -->
</testsuite> <!-- Test -->
